Arguments: 
  /usr/local/bin/node /usr/local/Cellar/yarn/1.7.0/libexec/bin/yarn.js install

PATH: 
  /Applications/Postgres.app/Contents/Versions/10/bin/psql:/Library/Frameworks/Python.framework/Versions/3.6/bin:/Library/Frameworks/Python.framework/Versions/3.6/bin:/usr/local/bin:/usr/bin:/bin:/usr/sbin:/sbin:/usr/local/share/dotnet:/Library/Frameworks/Mono.framework/Versions/Current/Commands:/Applications/Postgres.app/Contents/Versions/latest/bin:/Applications/Xamarin Workbooks.app/Contents/SharedSupport/path-bin:/Applications/Postgres.app/Contents/Versions/10/bin/psql:/Library/Frameworks/Python.framework/Versions/3.6/bin

Yarn version: 
  1.7.0

Node version: 
  9.4.0

Platform: 
  darwin x64

Trace: 
  SyntaxError: /Users/andrewsordier/Desktop/web_dev/cordova/myApp/package.json: Unexpected token } in JSON at position 333
      at JSON.parse (<anonymous>)
      at /usr/local/Cellar/yarn/1.7.0/libexec/lib/cli.js:1130:59
      at Generator.next (<anonymous>)
      at step (/usr/local/Cellar/yarn/1.7.0/libexec/lib/cli.js:98:30)
      at /usr/local/Cellar/yarn/1.7.0/libexec/lib/cli.js:109:13
      at <anonymous>

npm manifest: 
  {
    "name": "com.andrewsordier.myApp",
    "displayName": "myApp",
    "homepage": "./",
    "version": "0.1.0",
    "private": true,
    "main": "index.js",
    "author": "Apache Cordova Team",
    "license": "Apache-2.0",
    "devDependencies": {
      "babel-cli": "7.0.0-beta.0",
      "node-sass-chokidar": "^1.2.2",
      "npm-run-all": "^4.1.2",
    },
    "dependencies": {
      "autoprefixer": "7.1.6",
      "axios": "^0.18.0",
      "babel-core": "6.26.0",
      "babel-eslint": "7.2.3",
      "babel-jest": "20.0.3",
      "babel-loader": "7.1.2",
      "babel-preset-react-app": "^3.1.1",
      "babel-runtime": "6.26.0",
      "case-sensitive-paths-webpack-plugin": "2.1.1",
      "chalk": "1.1.3",
      "cordova-ios": "^4.5.4",
      "cordova-plugin-whitelist": "^1.3.3",
      "css-loader": "0.28.7",
      "dotenv": "4.0.0",
      "dotenv-expand": "4.2.0",
      "eslint": "4.10.0",
      "eslint-config-react-app": "^2.1.0",
      "eslint-loader": "1.9.0",
      "eslint-plugin-flowtype": "2.39.1",
      "eslint-plugin-import": "2.8.0",
      "eslint-plugin-jsx-a11y": "5.1.1",
      "eslint-plugin-react": "7.4.0",
      "extract-text-webpack-plugin": "3.0.2",
      "file-loader": "1.1.5",
      "fs-extra": "3.0.1",
      "html-webpack-plugin": "2.29.0",
      "jest": "20.0.4",
      "object-assign": "4.1.1",
      "postcss-flexbugs-fixes": "3.2.0",
      "postcss-loader": "2.0.8",
      "promise": "8.0.1",
      "raf": "3.4.0",
      "react-dev-utils": "^5.0.1",
      "source-map-explorer": "^1.5.0",
      "style-loader": "0.19.0",
      "sw-precache-webpack-plugin": "0.11.4",
      "url-loader": "0.6.2",
      "webpack": "3.8.1",
      "webpack-dev-server": "2.9.4",
      "webpack-manifest-plugin": "1.3.2",
      "whatwg-fetch": "2.0.3"
    },
    "scripts": {
      "build-css": "node-sass-chokidar --include-path ./src --include-path ./node_modules src/ -o src/",
      "watch-css": "npm run build-css && node-sass-chokidar --include-path ./src --include-path ./node_modules src/ -o src/ --watch --recursive",
      "start-js": "node scripts/start.js",
      "start": "npm-run-all -p watch-css start-js",
      "build-js": "node scripts/build.js",
      "build": "npm-run-all build-css build-js",
      "test": "node scripts/test.js --env=jsdom",
      "analyze": "source-map-explorer build/static/js/main.*",
      "build--ios": "yarn build && cordova build ios",
      "open--ios": "open ./platforms/ios/myApp.xcworkspace/",
      "emulate--ios": "yarn build && cordova run ios --emulator --target=iPhone-7,11.4",
      "run--ios": "yarn build && cordova run ios --device"
    },
    "cordova": {
      "plugins": {
        "cordova-plugin-whitelist": {},
        "cordova-plugin-camera": {}
      },
      "platforms": [
        "ios"
      ]
    },
    "jest": {
      "collectCoverageFrom": [
        "src/**/*.{js,jsx,mjs}"
      ],
      "setupFiles": [
        "<rootDir>/config/polyfills.js"
      ],
      "testMatch": [
        "<rootDir>/src/**/__tests__/**/*.{js,jsx,mjs}",
        "<rootDir>/src/**/?(*.)(spec|test).{js,jsx,mjs}"
      ],
      "testEnvironment": "node",
      "testURL": "http://localhost",
      "transform": {
        "^.+\\.(js|jsx|mjs)$": "<rootDir>/node_modules/babel-jest",
        "^.+\\.css$": "<rootDir>/config/jest/cssTransform.js",
        "^(?!.*\\.(js|jsx|mjs|css|json)$)": "<rootDir>/config/jest/fileTransform.js"
      },
      "transformIgnorePatterns": [
        "[/\\\\]node_modules[/\\\\].+\\.(js|jsx|mjs)$"
      ],
      "moduleNameMapper": {
        "^react-native$": "react-native-web"
      },
      "moduleFileExtensions": [
        "web.js",
        "js",
        "json",
        "web.jsx",
        "jsx",
        "node",
        "mjs"
      ]
    },
    "babel": {
      "presets": [
        "react-app"
      ]
    },
    "eslintConfig": {
      "extends": "react-app"
    }
  }

yarn manifest: 
  No manifest

Lockfile: 
  No lockfile
